build/app/outputs/mapping/release/configuration.txt
# The proguard configuration file for the following section is intermediates/proguard-files/proguard-android.txt-4.1.0
# This is a configuration file for ProGuard.
# http://proguard.sourceforge.net/index.html#manual/usage.html
#
# Starting with version 2.2 of the Android plugin for Gradle, this file is distributed together with
# the plugin and unpacked at build-time. The files in $ANDROID_HOME are no longer maintained and
# will be ignored by new version of the Android plugin for Gradle.

# Optimization is turned off by default. Dex does not like code run
# through the ProGuard optimize steps (and performs some
# of these optimizations on its own).
# Note that if you want to enable optimization, you cannot just
# include optimization flags in your own project configuration file;
# instead you will need to point to the
# "proguard-android-optimize.txt" file instead of this one from your
# project.properties file.
-dontoptimize

-dontusemixedcaseclassnames
-dontskipnonpubliclibraryclasses
-verbose

# Preserve some attributes that may be required for reflection.
-keepattributes *Annotation*,Signature,InnerClasses,EnclosingMethod

-keep public class com.google.vending.licensing.ILicensingService
-keep public class com.android.vending.licensing.ILicensingService
-keep public class com.google.android.vending.licensing.ILicensingService
-dontnote com.android.vending.licensing.ILicensingService
-dontnote com.google.vending.licensing.ILicensingService
-dontnote com.google.android.vending.licensing.ILicensingService

# For native methods, see http://proguard.sourceforge.net/manual/examples.html#native
-keepclasseswithmembernames,includedescriptorclasses class * {
    native <methods>;
}

# Keep setters in Views so that animations can still work.
-keepclassmembers public class * extends android.view.View {
    void set*(***);
    *** get*();
}

# We want to keep methods in Activity that could be used in the XML attribute onClick.
-keepclassmembers class * extends android.app.Activity {
    public void *(android.view.View);
}

# For enumeration classes, see http://proguard.sourceforge.net/manual/examples.html#enumerations
-keepclassmembers enum * {
    public static **[] values();
    public static ** valueOf(java.lang.String);
}

-keepclassmembers class * implements android.os.Parcelable {
    public static final ** CREATOR;
}

# Preserve annotated Javascript interface methods.
-keepclassmembers class * {
    @android.webkit.JavascriptInterface <methods>;
}

# The support libraries contains references to newer platform versions.
# Don't warn about those in case this app is linking against an older
# platform version. We know about them, and they are safe.
-dontnote android.support.**
-dontnote androidx.**
-dontwarn android.support.**
-dontwarn androidx.**

# This class is deprecated, but remains for backward compatibility.
-dontwarn android.util.FloatMath

# Understand the @Keep support annotation.
-keep class android.support.annotation.Keep
-keep class androidx.annotation.Keep

-keep @android.support.annotation.Keep class * {*;}
-keep @androidx.annotation.Keep class * {*;}

-keepclasseswithmembers class * {
    @android.support.annotation.Keep <methods>;
}

-keepclasseswithmembers class * {
    @androidx.annotation.Keep <methods>;
}

-keepclasseswithmembers class * {
    @android.support.annotation.Keep <fields>;
}

-keepclasseswithmembers class * {
    @androidx.annotation.Keep <fields>;
}

-keepclasseswithmembers class * {
    @android.support.annotation.Keep <init>(...);
}

-keepclasseswithmembers class * {
    @androidx.annotation.Keep <init>(...);
}

# These classes are duplicated between android.jar and org.apache.http.legacy.jar.
-dontnote org.apache.http.**
-dontnote android.net.http.**

# These classes are duplicated between android.jar and core-lambda-stubs.jar.
-dontnote java.lang.invoke.**

# End of content from intermediates/proguard-files/proguard-android.txt-4.1.0
# The proguard configuration file for the following section is flutter_tools/gradle/flutter_proguard_rules.pro
# Build the ephemeral app in a module project.
# Prevents: Warning: library class <plugin-package> depends on program class io.flutter.plugin.**
# This is due to plugins (libraries) depending on the embedding (the program jar)
-dontwarn io.flutter.plugin.**

# The android.** package is provided by the OS at runtime.
-dontwarn android.**

# End of content from flutter_tools/gradle/flutter_proguard_rules.pro
# The proguard configuration file for the following section is aapt_proguard_file/release/aapt_rules.txt
-keep class androidx.core.app.CoreComponentFactory { <init>(); }
-keep class androidx.multidex.MultiDexApplication { <init>(); }
-keep class com.google.android.datatransport.runtime.backends.TransportBackendDiscovery { <init>(); }
-keep class com.google.android.datatransport.runtime.scheduling.jobscheduling.AlarmManagerSchedulerBroadcastReceiver { <init>(); }
-keep class com.google.android.datatransport.runtime.scheduling.jobscheduling.JobInfoSchedulerService { <init>(); }
-keep class com.google.android.gms.common.api.GoogleApiActivity { <init>(); }
-keep class com.google.firebase.auth.api.fallback.service.FirebaseAuthFallbackService { <init>(); }
-keep class com.google.firebase.auth.internal.GenericIdpActivity { <init>(); }
-keep class com.google.firebase.auth.internal.RecaptchaActivity { <init>(); }
-keep class com.google.firebase.components.ComponentDiscoveryService { <init>(); }
-keep class com.google.firebase.iid.FirebaseInstanceIdReceiver { <init>(); }
-keep class com.google.firebase.messaging.FirebaseMessagingService { <init>(); }
-keep class com.google.firebase.provider.FirebaseInitProvider { <init>(); }
-keep class com.smartersvision.home_services.MainActivity { <init>(); }
-keep class io.flutter.plugins.firebase.messaging.FlutterFirebaseMessagingBackgroundService { <init>(); }
-keep class io.flutter.plugins.firebase.messaging.FlutterFirebaseMessagingInitProvider { <init>(); }
-keep class io.flutter.plugins.firebase.messaging.FlutterFirebaseMessagingReceiver { <init>(); }
-keep class io.flutter.plugins.firebase.messaging.FlutterFirebaseMessagingService { <init>(); }

# End of content from aapt_proguard_file/release/aapt_rules.txt
# The proguard configuration file for the following section is release/lib0/proguard.txt
# The point of this package is to specify that a dependent plugin intends to
# use the AndroidX lifecycle classes. Make sure no R8 heuristics shrink classes
# brought in by the embedding's pom.
#
# This isn't strictly needed since by definition, plugins using Android
# lifecycles should implement DefaultLifecycleObserver and therefore keep it
# from being shrunk. But there seems to be an R8 bug so this needs to stay
# https://issuetracker.google.com/issues/142778206.
-keep class androidx.lifecycle.DefaultLifecycleObserver

# End of content from release/lib0/proguard.txt
# The proguard configuration file for the following section is 3a85dbd67bec95ce8bb29518cc904d71/jetified-window-1.0.0-beta04/proguard.txt
# Copyright (C) 2020 The Android Open Source Project
#
# Licensed under the Apache License, Version 2.0 (the "License");
# you may not use this file except in compliance with the License.
# You may obtain a copy of the License at
#
#      http://www.apache.org/licenses/LICENSE-2.0
#
# Unless required by applicable law or agreed to in writing, software
# distributed under the License is distributed on an "AS IS" BASIS,
# WITHOUT WARRANTIES OR CONDITIONS OF ANY KIND, either express or implied.
# See the License for the specific language governing permissions and
# limitations under the License.

# Some methods in androidx.window.extensions are accessed through reflection and need to be kept.
# Failure to do so can cause bugs such as b/157286362. This could be overly broad too and should
# ideally be trimmed down to only the classes/methods that actually need to be kept. This should
# be tracked in b/165268619.
-keep class androidx.window.extensions.** { *; }
-dontwarn androidx.window.extensions.**
-keep class androidx.window.extensions.embedding.** { *; }
-dontwarn androidx.window.extensions.embedding.**

# Keep the whole library for now since there is a crash with a missing method.
# TODO(b/165268619) Make a narrow rule
-keep class androidx.window.** { *; }

# We also neep to keep sidecar.** for the same reason.
-keep class androidx.window.sidecar.** { *; }
-dontwarn androidx.window.sidecar.**


# End of content from 3a85dbd67bec95ce8bb29518cc904d71/jetified-window-1.0.0-beta04/proguard.txt
# The proguard configuration file for the following section is com.android.tools/r8-from-1.6.0/coroutines.pro
# Allow R8 to optimize away the FastServiceLoader.
# Together with ServiceLoader optimization in R8
# this results in direct instantiation when loading Dispatchers.Main
-assumenosideeffects class kotlinx.coroutines.internal.MainDispatcherLoader {
    boolean FAST_SERVICE_LOADER_ENABLED return false;
}

-assumenosideeffects class kotlinx.coroutines.internal.FastServiceLoaderKt {
    boolean ANDROID_DETECTED return true;
}

-keep class kotlinx.coroutines.android.AndroidDispatcherFactory {*;}

# Disable support for "Missing Main Dispatcher", since we always have Android main dispatcher
-assumenosideeffects class kotlinx.coroutines.internal.MainDispatchersKt {
    boolean SUPPORT_MISSING return false;
}

# Statically turn off all debugging facilities and assertions
-assumenosideeffects class kotlinx.coroutines.DebugKt {
    boolean getASSERTIONS_ENABLED() return false;
    boolean getDEBUG() return false;
    boolean getRECOVER_STACK_TRACES() return false;
}
# End of content from com.android.tools/r8-from-1.6.0/coroutines.pro
# The proguard configuration file for the following section is META-INF/proguard/coroutines.pro
# ServiceLoader support
-keepnames class kotlinx.coroutines.internal.MainDispatcherFactory {}
-keepnames class kotlinx.coroutines.CoroutineExceptionHandler {}

# Most of volatile fields are updated with AFU and should not be mangled
-keepclassmembers class kotlinx.coroutines.** {
    volatile <fields>;
}

# Same story for the standard library's SafeContinuation that also uses AtomicReferenceFieldUpdater
-keepclassmembers class kotlin.coroutines.SafeContinuation {
    volatile <fields>;
}

# These classes are only required by kotlinx.coroutines.debug.AgentPremain, which is only loaded when
# kotlinx-coroutines-core is used as a Java agent, so these are not needed in contexts where ProGuard is used.
-dontwarn java.lang.instrument.ClassFileTransformer
-dontwarn sun.misc.SignalHandler
-dontwarn java.lang.instrument.Instrumentation
-dontwarn sun.misc.Signal

# End of content from META-INF/proguard/coroutines.pro
# The proguard configuration file for the following section is 678ec4d8ba3962fe23b38c5c6b4d42ec/jetified-firebase-messaging-21.0.1/proguard.txt
# Analytics library is optional.
# Access to this class is protected by try/catch(NoClassDefFoundError e)
# b/35686744 Don't fail during proguard if the class is missing from the APK.
-dontwarn com.google.android.gms.measurement.AppMeasurement*

# End of content from 678ec4d8ba3962fe23b38c5c6b4d42ec/jetified-firebase-messaging-21.0.1/proguard.txt
# The proguard configuration file for the following section is d0641bdb7cdce8144ff209ecba215cb4/jetified-firebase-auth-20.0.1/proguard.txt
-dontwarn com.google.appengine.api.**
-dontwarn okio.**
-dontwarn org.apache.**
-dontwarn retrofit.android.**
-dontwarn retrofit.appengine.**
-dontwarn retrofit.client.**
-dontwarn rx.**

# This is necessary for keeping SecureTokenHttpApi and IdentityToolkitHttpApi
# Otherwise those classes get stripped out, as they are only being used
# reflectively.

-keepclasseswithmembernames interface * {
    @retrofit.http.* <methods>;
}

# We keep all fields for every generated proto file as the runtime uses
# reflection over them that ProGuard cannot detect. Without this keep
# rule, fields may be removed that would cause runtime failures.
-keepclassmembers class * extends com.google.android.gms.internal.firebase-auth-api.zzzo {
  <fields>;
}

# End of content from d0641bdb7cdce8144ff209ecba215cb4/jetified-firebase-auth-20.0.1/proguard.txt
# The proguard configuration file for the following section is a74ad8093a6fb1c0615bf9e9f15ce428/jetified-firebase-firestore-22.0.1/proguard.txt
# Needed for DNS resolution.  Present in OpenJDK, but not Android
-dontwarn javax.naming.**

# Don't warn about checkerframework
#
# Guava uses the checkerframework and the annotations
# can safely be ignored at runtime.
-dontwarn org.checkerframework.**

# Guava warnings:
-dontwarn java.lang.ClassValue
-dontwarn com.google.j2objc.annotations.Weak
-dontwarn org.codehaus.mojo.animal_sniffer.IgnoreJRERequirement
-dontwarn javax.lang.model.element.Modifier

# Okhttp warnings.
-dontwarn okio.**
-dontwarn com.google.j2objc.annotations.**

# End of content from a74ad8093a6fb1c0615bf9e9f15ce428/jetified-firebase-firestore-22.0.1/proguard.txt
# The proguard configuration file for the following section is 6540a6e83b8b058fe6f5b90075121a73/jetified-firebase-common-19.5.0/proguard.txt
-dontwarn com.google.firebase.platforminfo.KotlinDetector
-dontwarn com.google.auto.value.AutoValue
-dontwarn com.google.auto.value.AutoValue$Builder

# End of content from 6540a6e83b8b058fe6f5b90075121a73/jetified-firebase-common-19.5.0/proguard.txt
# The proguard configuration file for the following section is f1fa5523a8a80b72d7887cff38c87344/webkit-1.0.0/proguard.txt
# Copyright 2018 The Chromium Authors. All rights reserved.
# Use of this source code is governed by a BSD-style license that can be
# found in the LICENSE file.

# We need to avoid obfuscating the support library boundary interface because
# this API is shared with the Android Support Library.
# Note that we only 'keep' the package org.chromium.support_lib_boundary itself,
# any sub-packages of that package can still be obfuscated.
-keep public class org.chromium.support_lib_boundary.* { public *; }

# Copyright (C) 2018 The Android Open Source Project
#
# Licensed under the Apache License, Version 2.0 (the "License");
# you may not use this file except in compliance with the License.
# You may obtain a copy of the License at
#
#      http://www.apache.org/licenses/LICENSE-2.0
#
# Unless required by applicable law or agreed to in writing, software
# distributed under the License is distributed on an "AS IS" BASIS,
# WITHOUT WARRANTIES OR CONDITIONS OF ANY KIND, either express or implied.
# See the License for the specific language governing permissions and
# limitations under the License.

# Prevent WebViewClientCompat from being renamed, since chromium depends on this name.
-keepnames public class androidx.webkit.WebViewClientCompat


# End of content from f1fa5523a8a80b72d7887cff38c87344/webkit-1.0.0/proguard.txt
# The proguard configuration file for the following section is c3750dcb9891458474e6104592df1269/jetified-exoplayer-core-2.14.1/proguard.txt
# Proguard rules specific to the core module.

# Constant folding for resource integers may mean that a resource passed to this method appears to be unused. Keep the method to prevent this from happening.
-keepclassmembers class com.google.android.exoplayer2.upstream.RawResourceDataSource {
  public static android.net.Uri buildRawResourceUri(int);
}

# Constructors accessed via reflection in DefaultRenderersFactory
-dontnote com.google.android.exoplayer2.ext.vp9.LibvpxVideoRenderer
-keepclassmembers class com.google.android.exoplayer2.ext.vp9.LibvpxVideoRenderer {
  <init>(long, android.os.Handler, com.google.android.exoplayer2.video.VideoRendererEventListener, int);
}
-dontnote com.google.android.exoplayer2.ext.av1.Libgav1VideoRenderer
-keepclassmembers class com.google.android.exoplayer2.ext.av1.Libgav1VideoRenderer {
  <init>(long, android.os.Handler, com.google.android.exoplayer2.video.VideoRendererEventListener, int);
}
-dontnote com.google.android.exoplayer2.ext.opus.LibopusAudioRenderer
-keepclassmembers class com.google.android.exoplayer2.ext.opus.LibopusAudioRenderer {
  <init>(android.os.Handler, com.google.android.exoplayer2.audio.AudioRendererEventListener, com.google.android.exoplayer2.audio.AudioSink);
}
-dontnote com.google.android.exoplayer2.ext.flac.LibflacAudioRenderer
-keepclassmembers class com.google.android.exoplayer2.ext.flac.LibflacAudioRenderer {
  <init>(android.os.Handler, com.google.android.exoplayer2.audio.AudioRendererEventListener, com.google.android.exoplayer2.audio.AudioSink);
}
-dontnote com.google.android.exoplayer2.ext.ffmpeg.FfmpegAudioRenderer
-keepclassmembers class com.google.android.exoplayer2.ext.ffmpeg.FfmpegAudioRenderer {
  <init>(android.os.Handler, com.google.android.exoplayer2.audio.AudioRendererEventListener, com.google.android.exoplayer2.audio.AudioSink);
}

# Constructors accessed via reflection in DefaultDataSource
-dontnote com.google.android.exoplayer2.ext.rtmp.RtmpDataSource
-keepclassmembers class com.google.android.exoplayer2.ext.rtmp.RtmpDataSource {
  <init>();
}

# Constructors accessed via reflection in DefaultDownloaderFactory
-dontnote com.google.android.exoplayer2.source.dash.offline.DashDownloader
-keepclassmembers class com.google.android.exoplayer2.source.dash.offline.DashDownloader {
  <init>(com.google.android.exoplayer2.MediaItem, com.google.android.exoplayer2.upstream.cache.CacheDataSource$Factory, java.util.concurrent.Executor);
}
-dontnote com.google.android.exoplayer2.source.hls.offline.HlsDownloader
-keepclassmembers class com.google.android.exoplayer2.source.hls.offline.HlsDownloader {
  <init>(com.google.android.exoplayer2.MediaItem, com.google.android.exoplayer2.upstream.cache.CacheDataSource$Factory, java.util.concurrent.Executor);
}
-dontnote com.google.android.exoplayer2.source.smoothstreaming.offline.SsDownloader
-keepclassmembers class com.google.android.exoplayer2.source.smoothstreaming.offline.SsDownloader {
  <init>(com.google.android.exoplayer2.MediaItem, com.google.android.exoplayer2.upstream.cache.CacheDataSource$Factory, java.util.concurrent.Executor);
}

# Constructors accessed via reflection in DefaultMediaSourceFactory
-dontnote com.google.android.exoplayer2.source.dash.DashMediaSource$Factory
-keepclasseswithmembers class com.google.android.exoplayer2.source.dash.DashMediaSource$Factory {
  <init>(com.google.android.exoplayer2.upstream.DataSource$Factory);
}
-dontnote com.google.android.exoplayer2.source.hls.HlsMediaSource$Factory
-keepclasseswithmembers class com.google.android.exoplayer2.source.hls.HlsMediaSource$Factory {
  <init>(com.google.android.exoplayer2.upstream.DataSource$Factory);
}
-dontnote com.google.android.exoplayer2.source.smoothstreaming.SsMediaSource$Factory
-keepclasseswithmembers class com.google.android.exoplayer2.source.smoothstreaming.SsMediaSource$Factory {
  <init>(com.google.android.exoplayer2.upstream.DataSource$Factory);
}
-dontnote com.google.android.exoplayer2.source.rtsp.RtspMediaSource$Factory
-keepclasseswithmembers class com.google.android.exoplayer2.source.rtsp.RtspMediaSource$Factory {
  <init>();
}

# End of content from c3750dcb9891458474e6104592df1269/jetified-exoplayer-core-2.14.1/proguard.txt
# The proguard configuration file for the following section is e728912b81f634325fdb30293ac25d18/jetified-transport-backend-cct-2.3.3/proguard.txt
-dontwarn com.google.auto.value.AutoValue
-dontwarn com.google.auto.value.AutoValue$Builder

# End of content from e728912b81f634325fdb30293ac25d18/jetified-transport-backend-cct-2.3.3/proguard.txt
# The proguard configuration file for the following section is 0c6b2f7a8d7252c96a618ad2cf0c1dce/jetified-firebase-components-16.1.0/proguard.txt
-dontwarn com.google.firebase.components.Component$Instantiation
-dontwarn com.google.firebase.components.Component$ComponentType

-keep class * implements com.google.firebase.components.ComponentRegistrar

# End of content from 0c6b2f7a8d7252c96a618ad2cf0c1dce/jetified-firebase-components-16.1.0/proguard.txt