build/app/outputs/mapping/release/seeds.txt
kotlinx.coroutines.CommonPool: java.util.concurrent.Executor pool
kotlin.jvm.internal.FunctionReference: boolean isInline()
com.google.protobuf.Timestamp: int nanos_
com.google.firestore.v1.DocumentDelete: com.google.protobuf.Timestamp readTime_
com.google.firestore.v1.StructuredQuery$FieldFilter: int op_
kotlin.jvm.internal.CallableReference: kotlin.reflect.KCallable reflected
io.flutter.plugin.editing.ImeSyncDeferringInsetsCallback$AnimationCallback
com.google.android.gms.internal.firebase-auth-api.zzig: int zzb
kotlinx.coroutines.scheduling.CoroutineScheduler: long controlState
com.google.firestore.v1.BatchGetDocumentsResponse: int TRANSACTION_FIELD_NUMBER
org.chromium.support_lib_boundary.WebkitToCompatConverterBoundaryInterface: java.lang.reflect.InvocationHandler convertSettings(android.webkit.WebSettings)
io.flutter.embedding.engine.renderer.FlutterRenderer$DisplayFeatureState: io.flutter.embedding.engine.renderer.FlutterRenderer$DisplayFeatureState valueOf(java.lang.String)
kotlin.coroutines.AbstractCoroutineContextElement: kotlin.coroutines.CoroutineContext$Element get(kotlin.coroutines.CoroutineContext$Key)
com.google.firestore.v1.DocumentTransform: com.google.firestore.v1.DocumentTransform DEFAULT_INSTANCE
com.google.android.exoplayer2.source.smoothstreaming.SsMediaSource$Factory: SsMediaSource$Factory(com.google.android.exoplayer2.upstream.DataSource$Factory)
androidx.window.layout.SidecarWindowBackend$Companion: boolean isSidecarVersionSupported(androidx.window.core.Version)
com.google.firestore.v1.WriteResponse: com.google.protobuf.ByteString streamToken_
com.google.firestore.v1.StructuredQuery: com.google.protobuf.Internal$ProtobufList from_
androidx.window.R$styleable: int SplitPlaceholderRule_placeholderActivityName
androidx.window.layout.SidecarWindowBackend: androidx.window.layout.SidecarWindowBackend globalInstance
com.google.firebase.firestore.proto.WriteBatch: com.google.firebase.firestore.proto.WriteBatch DEFAULT_INSTANCE
io.flutter.embedding.engine.FlutterJNI: void markTextureFrameAvailable(long)
androidx.window.embedding.EmptyEmbeddingComponent: void setEmbeddingRules(java.util.Set)
io.flutter.embedding.android.FlutterImageView$SurfaceKind: io.flutter.embedding.android.FlutterImageView$SurfaceKind valueOf(java.lang.String)
androidx.window.embedding.ActivityFilter: boolean equals(java.lang.Object)
androidx.window.layout.ExtensionsWindowLayoutInfoAdapter: androidx.window.layout.FoldingFeature translate$window_release(android.app.Activity,androidx.window.extensions.layout.FoldingFeature)
kotlin.jvm.internal.FunctionReference: boolean equals(java.lang.Object)
io.flutter.embedding.engine.systemchannels.PlatformChannel$Brightness: io.flutter.embedding.engine.systemchannels.PlatformChannel$Brightness valueOf(java.lang.String)
androidx.window.layout.FoldingFeature: androidx.window.layout.FoldingFeature$State getState()
io.flutter.plugin.editing.ImeSyncDeferringInsetsCallback: android.view.View access$600(io.flutter.plugin.editing.ImeSyncDeferringInsetsCallback)
androidx.window.layout.FoldingFeature$Orientation$Companion
io.flutter.embedding.engine.FlutterJNI: void onDisplayOverlaySurface(int,int,int,int,int)
androidx.activity.ComponentActivity$3
com.google.firestore.v1.TargetChange: int READ_TIME_FIELD_NUMBER
com.google.firestore.v1.DocumentChange: com.google.firestore.v1.DocumentChange DEFAULT_INSTANCE
com.google.firestore.v1.DocumentTransform$FieldTransform: java.lang.Object transformType_
com.smartersvision.home_services.MainActivity: MainActivity()
androidx.window.R$id: int locale
kotlin.coroutines.jvm.internal.SuspendLambda: java.lang.String toString()
com.google.android.gms.internal.firebase-auth-api.zzed
io.flutter.view.AccessibilityBridge$AccessibilityFeature: io.flutter.view.AccessibilityBridge$AccessibilityFeature[] values()
androidx.window.R$styleable: int SplitPairRule_finishSecondaryWithPrimary