build/app/outputs/mapping/release/mapping.txt
# compiler: R8
# compiler_version: 2.1.62
# min_api: 20
# pg_map_id: 006909f
# common_typos_disable
...
com.google.android.gms.internal.firebase-auth-api.zzabq -> e.a.a.c.f.e.t0:
com.google.android.gms.internal.firebase-auth-api.zzabr -> e.a.a.c.f.e.u0:
    boolean zza(com.google.android.gms.internal.firebase-auth-api.zzabc) -> a
    void zzb(java.lang.Object,int,long) -> b
    void zzc(java.lang.Object,int,int) -> c
    void zzd(java.lang.Object,int,long) -> d
    void zze(java.lang.Object,int,com.google.android.gms.internal.firebase-auth-api.zzym) -> e
    void zzf(java.lang.Object,int,java.lang.Object) -> f
    java.lang.Object zzg() -> g
    java.lang.Object zzh(java.lang.Object) -> h
    void zzi(java.lang.Object,java.lang.Object) -> i
    java.lang.Object zzj(java.lang.Object) -> j
    java.lang.Object zzk(java.lang.Object) -> k
    void zzl(java.lang.Object,java.lang.Object) -> l
    void zzm(java.lang.Object) -> m
    boolean zzn(java.lang.Object,com.google.android.gms.internal.firebase-auth-api.zzabc) -> n
    java.lang.Object zzo(java.lang.Object,java.lang.Object) -> o
    int zzp(java.lang.Object) -> p
    int zzq(java.lang.Object) -> q
    void zzr(java.lang.Object,com.google.android.gms.internal.firebase-auth-api.zzyx) -> r
com.google.android.gms.internal.firebase-auth-api.zzabs -> e.a.a.c.f.e.v0:
    java.lang.Object[] zzd -> c
    int[] zzc -> b
    com.google.android.gms.internal.firebase-auth-api.zzabs zza -> f
    boolean zzf -> e
    int zze -> d
    int zzb -> a
    com.google.android.gms.internal.firebase-auth-api.zzabs zza() -> a
    com.google.android.gms.internal.firebase-auth-api.zzabs zzb() -> b
    com.google.android.gms.internal.firebase-auth-api.zzabs zzc(com.google.android.gms.internal.firebase-auth-api.zzabs,com.google.android.gms.internal.firebase-auth-api.zzabs) -> c
    void zzd() -> d
    int zze() -> e
    int zzf() -> f
    void zzg(java.lang.StringBuilder,int) -> g
    void zzh(int,java.lang.Object) -> h
    void zzi(com.google.android.gms.internal.firebase-auth-api.zzyx) -> i
com.google.android.gms.internal.firebase-auth-api.zzabt -> e.a.a.c.f.e.w0:
    boolean zza(com.google.android.gms.internal.firebase-auth-api.zzabc) -> a
    void zzb(java.lang.Object,int,long) -> b
    void zzc(java.lang.Object,int,int) -> c
    void zzd(java.lang.Object,int,long) -> d
    void zze(java.lang.Object,int,com.google.android.gms.internal.firebase-auth-api.zzym) -> e
    void zzf(java.lang.Object,int,java.lang.Object) -> f
    java.lang.Object zzg() -> g
    java.lang.Object zzh(java.lang.Object) -> h
    void zzi(java.lang.Object,java.lang.Object) -> i
    java.lang.Object zzj(java.lang.Object) -> j
    java.lang.Object zzk(java.lang.Object) -> k
    void zzl(java.lang.Object,java.lang.Object) -> l
    void zzm(java.lang.Object) -> m
    java.lang.Object zzo(java.lang.Object,java.lang.Object) -> o
    int zzp(java.lang.Object) -> p
    int zzq(java.lang.Object) -> q
    void zzr(java.lang.Object,com.google.android.gms.internal.firebase-auth-api.zzyx) -> r
com.google.android.gms.internal.firebase-auth-api.zzabu -> e.a.a.c.f.e.x0:
    int zzb -> g
    com.google.android.gms.internal.firebase-auth-api.zzabw zzc -> h
    java.util.ListIterator zza -> f
com.google.android.gms.internal.firebase-auth-api.zzabv -> e.a.a.c.f.e.y0:
    java.util.Iterator zza -> f
    com.google.android.gms.internal.firebase-auth-api.zzabw zzb -> g
com.google.android.gms.internal.firebase-auth-api.zzabw -> e.a.a.c.f.e.z0:
    com.google.android.gms.internal.firebase-auth-api.zzaab zza -> f
    com.google.android.gms.internal.firebase-auth-api.zzaab zza(com.google.android.gms.internal.firebase-auth-api.zzabw) -> d
    com.google.android.gms.internal.firebase-auth-api.zzaab zzi() -> i
    java.util.List zzh() -> j
    void zzf(com.google.android.gms.internal.firebase-auth-api.zzym) -> l
    java.lang.Object zzg(int) -> n
com.google.android.gms.internal.firebase-auth-api.zzabx -> e.a.a.c.f.e.a1:
    sun.misc.Unsafe zza() -> a