build/app/outputs/mapping/release/usage.txt
com.google.api.QuotaLimit$Builder
io.flutter.plugins.videoplayer.R$id
com.google.android.gms.internal.safetynet.zzk$zzf
com.google.android.exoplayer2.source.dash.manifest.package-info
androidx.core.location.LocationManagerCompat$CancellableLocationListener$2
com.google.errorprone.annotations.DoNotMock
kotlin.jvm.JvmInline
com.google.common.collect.MapMakerInternalMap$StrongKeyDummyValueEntry
com.google.common.collect.ImmutableEnumMap$EnumSerializedForm
com.google.common.primitives.UnsignedBytes$LexicographicalComparatorHolder$UnsafeComparator$1
kotlinx.coroutines.EventLoopImplBase:
    public void scheduleResumeAfterDelay(long,kotlinx.coroutines.CancellableContinuation)
    protected final kotlinx.coroutines.DisposableHandle scheduleInvokeOnTimeout(long,java.lang.Runnable)
    public kotlinx.coroutines.DisposableHandle invokeOnTimeout(long,java.lang.Runnable,kotlin.coroutines.CoroutineContext)
    public java.lang.Object delay(long,kotlin.coroutines.Continuation)
kotlin.sequences.SequencesKt___SequencesKt:
    public static final boolean contains(kotlin.sequences.Sequence,java.lang.Object)
    public static final java.lang.Object elementAt(kotlin.sequences.Sequence,int)
    public static final java.lang.Object elementAtOrElse(kotlin.sequences.Sequence,int,kotlin.jvm.functions.Function1)
    public static final java.lang.Object elementAtOrNull(kotlin.sequences.Sequence,int)
    private static final java.lang.Object find(kotlin.sequences.Sequence,kotlin.jvm.functions.Function1)
    private static final java.lang.Object findLast(kotlin.sequences.Sequence,kotlin.jvm.functions.Function1)
    public static final java.lang.Object first(kotlin.sequences.Sequence)
    public static final java.lang.Object first(kotlin.sequences.Sequence,kotlin.jvm.functions.Function1)
    private static final java.lang.Object firstNotNullOf(kotlin.sequences.Sequence,kotlin.jvm.functions.Function1)
    private static final java.lang.Object firstNotNullOfOrNull(kotlin.sequences.Sequence,kotlin.jvm.functions.Function1)
    public static final java.lang.Object firstOrNull(kotlin.sequences.Sequence)
    public static final java.lang.Object firstOrNull(kotlin.sequences.Sequence,kotlin.jvm.functions.Function1)
    public static final int indexOf(kotlin.sequences.Sequence,java.lang.Object)
    public static final int indexOfFirst(kotlin.sequences.Sequence,kotlin.jvm.functions.Function1)
com.google.protobuf.FloatValue$1
androidx.core.graphics.BlendModeColorFilterCompat
com.google.common.collect.ImmutableRangeSet$1
io.flutter.plugins.firebase.messaging.FlutterFirebaseMessagingBackgroundService:
    public static void setPluginRegistrant(io.flutter.plugin.common.PluginRegistry$PluginRegistrantCallback)
    private static final java.lang.String TAG
com.google.android.gms.internal.maps.zzo
com.google.rpc.context.AttributeContext$Resource$Builder
com.google.type.ExprProto
com.google.common.util.concurrent.CollectionFuture$CollectionFutureRunningState
kotlin.text.Regex$special$$inlined$fromInt$1
androidx.core.util.Pools$SynchronizedPool
com.google.android.datatransport.BuildConfig
com.google.common.util.concurrent.AggregateFutureState$SafeAtomicHelper
com.tekartik.sqflite.R$layout
io.grpc.ServiceDescriptor
com.google.api.ProjectProperties
androidx.lifecycle.MethodCallsLogger:
    public boolean approveCall(java.lang.String,int)
com.google.firebase.messaging.FirebaseMessagingRegistrar$DevNullTransport:
    public void schedule(com.google.android.datatransport.Event,com.google.android.datatransport.TransportScheduleCallback)
io.grpc.okhttp.Headers:
    void <init>()
com.google.api.MonitoredResourceProto
com.google.api.ResourceDescriptorOrBuilder
com.google.android.exoplayer2.util.TimestampAdjuster:
    public static final long DO_NOT_OFFSET
    private static final long MAX_PTS_PLUS_ONE
androidx.core.app.ComponentActivity$ExtraData
com.google.android.exoplayer2.audio.DecoderAudioRenderer$AudioSinkListener
com.google.common.collect.StandardTable$Column